d:\code\maggots3d\x64\debug\vc143.pdb
d:\code\maggots3d\x64\debug\vc143.idb
d:\code\maggots3d\x64\debug\vbo.obj
d:\code\maggots3d\x64\debug\vao.obj
d:\code\maggots3d\x64\debug\terrain.obj
d:\code\maggots3d\x64\debug\shaderprogram.obj
d:\code\maggots3d\x64\debug\main_file.obj
d:\code\maggots3d\x64\debug\lodepng.obj
d:\code\maggots3d\x64\debug\ebo.obj
d:\code\maggots3d\x64\debug\camera.obj
d:\code\maggots3d\x64\debug\maggots3d.exe
d:\code\maggots3d\x64\debug\maggots3d.ilk
d:\code\maggots3d\x64\debug\maggots3d.pdb
d:\code\maggots3d\x64\debug\maggots3d.tlog\cl.command.1.tlog
d:\code\maggots3d\x64\debug\maggots3d.tlog\cl.items.tlog
d:\code\maggots3d\x64\debug\maggots3d.tlog\cl.read.1.tlog
d:\code\maggots3d\x64\debug\maggots3d.tlog\cl.write.1.tlog
d:\code\maggots3d\x64\debug\maggots3d.tlog\link.command.1.tlog
d:\code\maggots3d\x64\debug\maggots3d.tlog\link.read.1.tlog
d:\code\maggots3d\x64\debug\maggots3d.tlog\link.write.1.tlog
